<?xml version="1.0" encoding="UTF-8"?>
<!-- Generated by org.testng.reporters.JUnitXMLReporter -->
<testsuite ignored="10" hostname="TechMs-MacBook-Pro.local" failures="0" tests="1" name="Default test" time="10.399" errors="0" timestamp="2022-03-12T20:36:55 PST">
  <testcase classname="Tests.Tests" name="iFrame" time="0.491"/>
  <testcase classname="Tests.Tests" name="webTableFixedHeader" time="0.0">
    <ignored/>
  </testcase> <!-- webTableFixedHeader -->
  <testcase classname="Tests.Tests" name="mouseHover" time="0.0">
    <ignored/>
  </testcase> <!-- mouseHover -->
  <testcase classname="Tests.Tests" name="switchWindow" time="0.0">
    <ignored/>
  </testcase> <!-- switchWindow -->
  <testcase classname="Tests.Tests" name="webTable" time="0.0">
    <ignored/>
  </testcase> <!-- webTable -->
  <testcase classname="Tests.Tests" name="suggestionClass" time="0.0">
    <ignored/>
  </testcase> <!-- suggestionClass -->
  <testcase classname="Tests.Tests" name="alert" time="0.0">
    <ignored/>
  </testcase> <!-- alert -->
  <testcase classname="Tests.Tests" name="switchTab" time="0.0">
    <ignored/>
  </testcase> <!-- switchTab -->
  <testcase classname="Tests.Tests" name="dropdownExample" time="0.0">
    <ignored/>
  </testcase> <!-- dropdownExample -->
  <testcase classname="Tests.Tests" name="elementDisplayed" time="0.0">
    <ignored/>
  </testcase> <!-- elementDisplayed -->
  <testcase classname="Tests.Tests" name="radioButton" time="0.0">
    <ignored/>
  </testcase> <!-- radioButton -->
</testsuite> <!-- Default test -->
