<?xml version="1.0" encoding="UTF-8"?>
<testng-results ignored="10" total="11" passed="1" failed="0" skipped="0">
  <reporter-output>
  </reporter-output>
  <suite started-at="2022-03-12T20:36:45 PST" name="Default suite" finished-at="2022-03-12T20:36:55 PST" duration-ms="10399">
    <groups>
    </groups>
    <test started-at="2022-03-12T20:36:45 PST" name="Default test" finished-at="2022-03-12T20:36:55 PST" duration-ms="10399">
      <class name="Tests.Tests">
        <test-method is-config="true" signature="setUp()[pri:0, instance:Tests.Tests@6580cfdd]" started-at="2022-03-12T20:36:45 PST" name="setUp" finished-at="2022-03-12T20:36:54 PST" duration-ms="9694" status="PASS">
          <reporter-output>
          </reporter-output>
        </test-method> <!-- setUp -->
        <test-method signature="iFrame()[pri:0, instance:Tests.Tests@6580cfdd]" started-at="2022-03-12T20:36:54 PST" name="iFrame" finished-at="2022-03-12T20:36:55 PST" duration-ms="491" status="PASS">
          <reporter-output>
          </reporter-output>
        </test-method> <!-- iFrame -->
        <test-method is-config="true" signature="tearDown()[pri:0, instance:Tests.Tests@6580cfdd]" started-at="2022-03-12T20:36:55 PST" name="tearDown" finished-at="2022-03-12T20:36:55 PST" duration-ms="178" status="PASS">
          <reporter-output>
          </reporter-output>
        </test-method> <!-- tearDown -->
      </class> <!-- Tests.Tests -->
    </test> <!-- Default test -->
  </suite> <!-- Default suite -->
</testng-results>
