<?xml version="1.0" encoding="UTF-8"?>
<testng-results ignored="10" total="11" passed="1" failed="0" skipped="0">
  <reporter-output>
  </reporter-output>
  <suite started-at="2022-03-13T16:46:10 PDT" name="Default suite" finished-at="2022-03-13T16:46:20 PDT" duration-ms="10574">
    <groups>
    </groups>
    <test started-at="2022-03-13T16:46:10 PDT" name="Default test" finished-at="2022-03-13T16:46:20 PDT" duration-ms="10574">
      <class name="Tests.Tests">
        <test-method is-config="true" signature="setUp()[pri:0, instance:Tests.Tests@4facf68f]" started-at="2022-03-13T16:46:10 PDT" name="setUp" finished-at="2022-03-13T16:46:19 PDT" duration-ms="9440" status="PASS">
          <reporter-output>
          </reporter-output>
        </test-method> <!-- setUp -->
        <test-method signature="suggestionClass()[pri:0, instance:Tests.Tests@4facf68f]" started-at="2022-03-13T16:46:19 PDT" name="suggestionClass" finished-at="2022-03-13T16:46:20 PDT" duration-ms="960" status="PASS">
          <reporter-output>
          </reporter-output>
        </test-method> <!-- suggestionClass -->
        <test-method is-config="true" signature="tearDown()[pri:0, instance:Tests.Tests@4facf68f]" started-at="2022-03-13T16:46:20 PDT" name="tearDown" finished-at="2022-03-13T16:46:20 PDT" duration-ms="149" status="PASS">
          <reporter-output>
          </reporter-output>
        </test-method> <!-- tearDown -->
      </class> <!-- Tests.Tests -->
    </test> <!-- Default test -->
  </suite> <!-- Default suite -->
</testng-results>
